 THIS SOFTWARE AND ANY ACCOMPANYING DOCUMENTATION
 IS RELEASED "AS IS".  THE U.S. GOVERNMENT MAKES NO
 WARRANTY OF ANY KIND, EXPRESS OR IMPLIED, CONCERNING
 THIS SOFTWARE AND ANY ACCOMPANYING DOCUMENTATION,
 INCLUDING, WITHOUT LIMITATION, ANY WARRANTIES OF
 MERCHANTABILITY OR FITNESS FOR A PARTICULAR PURPOSE.
 IN NO EVENT WILL THE U.S. GOVERNMENT BE LIABLE FOR ANY
 DAMAGES, INCLUDING LOST PROFITS, LOST SAVINGS OR OTHER
 INCIDENTAL OR CONSEQUENTIAL DAMAGES ARISING OUT OF THE 
 USE, OR INABILITY TO USE, THIS SOFTWARE OR ANY
 ACCOMPANYING DOCUMENTATION, EVEN IF INFORMED IN ADVANCE
 OF THE POSSIBILITY OF SUCH DAMAGES.








                                        ****************************************************
                                        *    USAF STABILITY AND CONTROL  DIGITAL DATCOM    *
                                        *    PROGRAM REV. JAN 96   DIRECT INQUIRIES TO:    *
                                        *   WRIGHT LABORATORY  (WL/FIGC)  ATTN: W. BLAKE   *
                                        *         WRIGHT PATTERSON AFB, OHIO  45433        *
                                        *    PHONE (513) 255-6764,   FAX (513) 258-4054    *
                                        ****************************************************
1                         CONERR - INPUT ERROR CHECKING
0 ERROR CODES - N* DENOTES THE NUMBER OF OCCURENCES OF EACH ERROR
0 A - UNKNOWN VARIABLE NAME
0 B - MISSING EQUAL SIGN FOLLOWING VARIABLE NAME
0 C - NON-ARRAY VARIABLE HAS AN ARRAY ELEMENT DESIGNATION - (N)
0 D - NON-ARRAY VARIABLE HAS MULTIPLE VALUES ASSIGNED
0 E - ASSIGNED VALUES EXCEED ARRAY DIMENSION
0 F - SYNTAX ERROR

0******************************  INPUT DATA CARDS  ******************************

 DIM FT                                                                          
 DERIV RAD                                                                       
  $FLTCON WT=1220.0,                                                             
    LOOP=1.0,                                                                    
    NMACH=1.0, MACH(1)=0.130333,                                                 
    RNNUB(1)=921220.0,                                                           
    NALT=1.0, ALT(1)=0.0,                                                        
    NALPHA=12.0,                                                                 
    ALSCHD(1)=-4.0,-2.0,-1.0,0.0,2.0,4.0,6.0,8.0,                                
    10.0,12.0,14.0,16.0$                                                         
  $OPTINS SREF=178.5,BLREF=35.208,ROUGFC=0.25E-3$                                
  $SYNTHS XCG=1.57, ZCG=0.0,                                                     
    XW=0.0,ZW=2.044,ALIW=2.5,                                                    
    XH=13.481,ZH=1.033,ALIH=0.0,                                                 
    XV=12.254,ZV=1.033,                                                          
    SCALE=1.0, VERTUP=.TRUE.$                                                    
  $BODY NX=11.0,                                                                 
    X(1) = -4.2848,-3.9567,-3.6614,-2.1850,-1.6732,                              
     0.1444,1.8832,5.2625,13.2021,14.0223,15.9514,                               
    S(1) = 0.737,2.354,2.835,4.656,6.028,                                        
     9.507,10.308,7.319,1.524,0.219,0.181,                                       
    ZU(1) = 0.3389,0.4921,0.5413,0.5577,0.6562,                                  
     2.0013,2.1982,1.7005,1.4764,1.3123,.9409,                                   
    ZL(1) = -0.8530,-1.4108,-1.5748,-1.8724,-1.9680,                             
     -2.1982,-2.1654,-1.6732,-0.4593,-0.0197,-.0190$                             
  $WGPLNF CHRDTP=5.250,SSPNE=16.423,SSPN=17.604,CHRDR=5.250,SAVSI=0.0,           
    CHSTAT=0.0,TWISTA=-1.317,DHDADI=0.750,DHDADO=0.750,TYPE=1.0$                 
  $WGSCHR    DWASH=2.0,                                                          
     CAMBER=.TRUE.,LERI=0.0198,                                                  
     TYPEIN=1.0, NPTS=20.00,                                                     
     XCORD(1)=0.0000, 0.0010, 0.0020, 0.0030, 0.0125,                            
     0.0251, 0.0500, 0.0750, 0.1000, 0.1500,                                     
     0.2000, 0.3000, 0.4000, 0.5000, 0.6000,                                     
     0.7000, 0.8000, 0.9000, 0.9500, 1.0000,                                     
     YUPPER(1)=0.0000, 0.0062, 0.0087, 0.0106, 0.0236,                           
     0.0340, 0.0494, 0.0615, 0.0711, 0.0842,                                     
     0.0931, 0.1011, 0.1006, 0.0922, 0.0795,                                     
     0.0646, 0.0462, 0.0252, 0.0141, 0.0026,                                     
     YLOWER(1)=0.0000, -0.0062, -0.0086, -0.0104, -0.0195,                       
     -0.0232, -0.0259, -0.0266, -0.0265, -0.0257,                                
     -0.0237, -0.0197, -0.0153, -0.0112, -0.0079,                                
     -0.0049, -0.0026, -0.0010, -0.0003, 0.0000$                                 
  $HTPLNF SSPNE=4.750,SSPN=4.750,CHRDR=3.992,CHRDTP=1.336,SAVSI=10.011,          
    CHSTAT=0.0,TWISTA=0.0,DHDADI=0.0,DHDADO=0.0,TYPE=1.0$                        
 NACA H 4 0002                                                                   
  $VTPLNF SSPNE=4.417,SSPN=4.417,CHRDR=5.514,CHRDTP=1.609,SAVSI=28.0,            
    CHSTAT=0.0,TYPE=1.0$                                                         
 NACA V 4 0002                                                                   
 CASEID Piper J3 Cub.                                                            
 SAVE                                                                            
 NEXT CASE                                                                       
  $PROPWR AIETLP=-5.0,NENGSP=1.0,THSTCP=0.025,                                   
   PHALOC=-4.50,PHVLOC=0.0,PRPRAD=3.0,                                           
   ENGFCT=70.0,NOPBPE=2.0,BAPR75=15.0,YP=0.0,CROT=.FALSE.$                       
 CASEID Prop effect Ct 0.025                                                     
 SAVE                                                                            
 NEXT CASE                                                                       
  $PROPWR AIETLP=-5.0,NENGSP=1.0,THSTCP=0.05,                                    
   PHALOC=-4.50,PHVLOC=0.0,PRPRAD=3.0,                                           
   ENGFCT=70.0,NOPBPE=2.0,BAPR75=15.0,YP=0.0,CROT=.FALSE.$                       
 CASEID Prop effect Ct 0.05                                                      
 SAVE                                                                            
 NEXT CASE                                                                       
  $PROPWR AIETLP=-5.0,NENGSP=1.0,THSTCP=0.100,                                   
   PHALOC=-4.50,PHVLOC=0.0,PRPRAD=3.0,                                           
   ENGFCT=70.0,NOPBPE=2.0,BAPR75=15.0,YP=0.0,CROT=.FALSE.$                       
 CASEID Prop effect Ct 0.100                                                     
 SAVE                                                                            
 NEXT CASE                                                                       
  $PROPWR AIETLP=-5.0,NENGSP=1.0,THSTCP=0.125,                                   
   PHALOC=-4.50,PHVLOC=0.0,PRPRAD=3.0,                                           
   ENGFCT=70.0,NOPBPE=2.0,BAPR75=15.0,YP=0.0,CROT=.FALSE.$                       
 CASEID Prop effect Ct 0.125                                                     
 SAVE                                                                            
 NEXT CASE                                                                       
  $PROPWR AIETLP=-5.0,NENGSP=1.0,THSTCP=0.150,                                   
   PHALOC=-4.50,PHVLOC=0.0,PRPRAD=3.0,                                           
   ENGFCT=70.0,NOPBPE=2.0,BAPR75=15.0,YP=0.0,CROT=.FALSE.$                       
 CASEID Prop effect Ct 0.150                                                     
 SAVE                                                                            
 NEXT CASE                                                                       
  $PROPWR AIETLP=-5.0,NENGSP=1.0,THSTCP=0.175,                                   
   PHALOC=-4.50,PHVLOC=0.0,PRPRAD=3.0,                                           
   ENGFCT=70.0,NOPBPE=2.0,BAPR75=15.0,YP=0.0,CROT=.FALSE.$                       
 CASEID Prop effect Ct 0.175                                                     
 SAVE                                                                            
 NEXT CASE                                                                       
  $PROPWR AIETLP=-5.0,NENGSP=1.0,THSTCP=0.200,                                   
   PHALOC=-4.50,PHVLOC=0.0,PRPRAD=3.0,                                           
   ENGFCT=70.0,NOPBPE=2.0,BAPR75=15.0,YP=0.0,CROT=.FALSE.$                       
 CASEID Prop effect Ct 0.200                                                     
 NEXT CASE                                                                       
1          THE FOLLOWING IS A LIST OF ALL INPUT CARDS FOR THIS CASE.
0
 DIM FT                                                                          
 DERIV RAD                                                                       
  $FLTCON WT=1220.0,                                                             
    LOOP=1.0,                                                                    
    NMACH=1.0, MACH(1)=0.130333,                                                 
    RNNUB(1)=921220.0,                                                           
    NALT=1.0, ALT(1)=0.0,                                                        
    NALPHA=12.0,                                                                 
    ALSCHD(1)=-4.0,-2.0,-1.0,0.0,2.0,4.0,6.0,8.0,                                
    10.0,12.0,14.0,16.0$                                                         
  $OPTINS SREF=178.5,BLREF=35.208,ROUGFC=0.25E-3$                                
  $SYNTHS XCG=1.57, ZCG=0.0,                                                     
    XW=0.0,ZW=2.044,ALIW=2.5,                                                    
    XH=13.481,ZH=1.033,ALIH=0.0,                                                 
    XV=12.254,ZV=1.033,                                                          
    SCALE=1.0, VERTUP=.TRUE.$                                                    
  $BODY NX=11.0,                                                                 
    X(1) = -4.2848,-3.9567,-3.6614,-2.1850,-1.6732,                              
     0.1444,1.8832,5.2625,13.2021,14.0223,15.9514,                               
    S(1) = 0.737,2.354,2.835,4.656,6.028,                                        
     9.507,10.308,7.319,1.524,0.219,0.181,                                       
    ZU(1) = 0.3389,0.4921,0.5413,0.5577,0.6562,                                  
     2.0013,2.1982,1.7005,1.4764,1.3123,.9409,                                   
    ZL(1) = -0.8530,-1.4108,-1.5748,-1.8724,-1.9680,                             
     -2.1982,-2.1654,-1.6732,-0.4593,-0.0197,-.0190$                             
  $WGPLNF CHRDTP=5.250,SSPNE=16.423,SSPN=17.604,CHRDR=5.250,SAVSI=0.0,           
    CHSTAT=0.0,TWISTA=-1.317,DHDADI=0.750,DHDADO=0.750,TYPE=1.0$                 
  $WGSCHR    DWASH=2.0,                                                          
     CAMBER=.TRUE.,LERI=0.0198,                                                  
     TYPEIN=1.0, NPTS=20.00,                                                     
     XCORD(1)=0.0000, 0.0010, 0.0020, 0.0030, 0.0125,                            
     0.0251, 0.0500, 0.0750, 0.1000, 0.1500,                                     
     0.2000, 0.3000, 0.4000, 0.5000, 0.6000,                                     
     0.7000, 0.8000, 0.9000, 0.9500, 1.0000,                                     
     YUPPER(1)=0.0000, 0.0062, 0.0087, 0.0106, 0.0236,                           
     0.0340, 0.0494, 0.0615, 0.0711, 0.0842,                                     
     0.0931, 0.1011, 0.1006, 0.0922, 0.0795,                                     
     0.0646, 0.0462, 0.0252, 0.0141, 0.0026,                                     
     YLOWER(1)=0.0000, -0.0062, -0.0086, -0.0104, -0.0195,                       
     -0.0232, -0.0259, -0.0266, -0.0265, -0.0257,                                
     -0.0237, -0.0197, -0.0153, -0.0112, -0.0079,                                
     -0.0049, -0.0026, -0.0010, -0.0003, 0.0000$                                 
  $HTPLNF SSPNE=4.750,SSPN=4.750,CHRDR=3.992,CHRDTP=1.336,SAVSI=10.011,          
    CHSTAT=0.0,TWISTA=0.0,DHDADI=0.0,DHDADO=0.0,TYPE=1.0$                        
 NACA H 4 0002                                                                   
  $VTPLNF SSPNE=4.417,SSPN=4.417,CHRDR=5.514,CHRDTP=1.609,SAVSI=28.0,            
    CHSTAT=0.0,TYPE=1.0$                                                         
 NACA V 4 0002                                                                   
 CASEID Piper J3 Cub.                                                            
 SAVE                                                                            
 NEXT CASE                                                                       
0 INPUT DIMENSIONS ARE IN FT, SCALE FACTOR IS 1.0000

1                             AUTOMATED STABILITY AND CONTROL METHODS PER APRIL 1976 VERSION OF DATCOM   
                                                        USER DEFINED WING SECTION
     UPPER ABSCISSA     UPPER ORDINATE     LOWER ABSCISSA     LOWER ORDINATE      X-FRACTION CHORD    MEAN LINE    THICKNESS
         0.00000            0.00000           0.00000           0.00000              0.00000           0.00000       0.00000
         0.00085            0.00620           0.00115          -0.00620              0.00100           0.00000       0.01240
         0.00157            0.00869           0.00243          -0.00859              0.00200           0.00005       0.01730
         0.00232            0.01058           0.00368          -0.01038              0.00300           0.00010       0.02100
         0.00764            0.02305           0.01736          -0.01895              0.01250           0.00205       0.04310
         0.01785            0.03306           0.03235          -0.02226              0.02510           0.00540       0.05720
         0.04116            0.04835           0.05884          -0.02485              0.05000           0.01175       0.07530
         0.06591            0.06055           0.08409          -0.02565              0.07500           0.01745       0.08810
         0.09156            0.07036           0.10844          -0.02576              0.10000           0.02230       0.09760
         0.14324            0.08378           0.15676          -0.02528              0.15000           0.02925       0.10990
         0.19461            0.09285           0.20539          -0.02345              0.20000           0.03470       0.11680
         0.29760            0.10105           0.30240          -0.01965              0.30000           0.04070       0.12080
         0.40006            0.10060           0.39994          -0.01530              0.40000           0.04265       0.11590
         0.50177            0.09217           0.49823          -0.01117              0.50000           0.04050       0.10340
         0.60232            0.07944           0.59768          -0.00784              0.60000           0.03580       0.08740
         0.70243            0.06452           0.69757          -0.00482              0.70000           0.02985       0.06950
         0.80216            0.04610           0.79784          -0.00250              0.80000           0.02180       0.04880
         0.90132            0.02513           0.89867          -0.00093              0.90000           0.01210       0.02620
         0.95086            0.01405           0.94914          -0.00025              0.95000           0.00690       0.01440
         1.00000            0.00000           1.00000           0.00000              1.00000           0.00000       0.00000
1                             AUTOMATED STABILITY AND CONTROL METHODS PER APRIL 1976 VERSION OF DATCOM   
                                                        WING SECTION DEFINITION
0                                 IDEAL ANGLE OF ATTACK =   0.37733 DEG.

                              ZERO LIFT ANGLE OF ATTACK =  -3.95208 DEG.

                                 IDEAL LIFT COEFFICIENT =   0.52405

                  ZERO LIFT PITCHING MOMENT COEFFICIENT =  -0.10525

                             MACH ZERO LIFT-CURVE-SLOPE =   0.09839 /DEG.

                                    LEADING EDGE RADIUS =   0.01980 FRACTION CHORD

                              MAXIMUM AIRFOIL THICKNESS =   0.12080 FRACTION CHORD

                                                DELTA-Y =   3.27850 PERCENT CHORD


0                         MACH= 0.1303 LIFT-CURVE-SLOPE =   0.10787 /DEG.      XAC =   0.25260
1                             AUTOMATED STABILITY AND CONTROL METHODS PER APRIL 1976 VERSION OF DATCOM   
                                                   HORIZONTAL TAIL SECTION DEFINITION
0                                 IDEAL ANGLE OF ATTACK =   0.00000 DEG.

                              ZERO LIFT ANGLE OF ATTACK =   0.00000 DEG.

                                 IDEAL LIFT COEFFICIENT =   0.00000

                  ZERO LIFT PITCHING MOMENT COEFFICIENT =   0.00000

                             MACH ZERO LIFT-CURVE-SLOPE =   0.10147 /DEG.

                                    LEADING EDGE RADIUS =   0.00044 FRACTION CHORD

                              MAXIMUM AIRFOIL THICKNESS =   0.02000 FRACTION CHORD

                                                DELTA-Y =   0.52816 PERCENT CHORD


0                         MACH= 0.1303 LIFT-CURVE-SLOPE =   0.10640 /DEG.      XAC =   0.25453
1                             AUTOMATED STABILITY AND CONTROL METHODS PER APRIL 1976 VERSION OF DATCOM   
                                                    VERTICAL TAIL SECTION DEFINITION
0                                 IDEAL ANGLE OF ATTACK =   0.00000 DEG.

                              ZERO LIFT ANGLE OF ATTACK =   0.00000 DEG.

                                 IDEAL LIFT COEFFICIENT =   0.00000

                  ZERO LIFT PITCHING MOMENT COEFFICIENT =   0.00000

                             MACH ZERO LIFT-CURVE-SLOPE =   0.10147 /DEG.

                                    LEADING EDGE RADIUS =   0.00044 FRACTION CHORD

                              MAXIMUM AIRFOIL THICKNESS =   0.02000 FRACTION CHORD

                                                DELTA-Y =   0.52816 PERCENT CHORD


0                         MACH= 0.1303 LIFT-CURVE-SLOPE =   0.10724 /DEG.      XAC =   0.25450
1                               AUTOMATED STABILITY AND CONTROL METHODS PER APRIL 1976 VERSION OF DATCOM
                                         CHARACTERISTICS AT ANGLE OF ATTACK AND IN SIDESLIP
                                        WING-BODY-VERTICAL TAIL-HORIZONTAL TAIL CONFIGURATION
                                                           Piper J3 Cub.
 
 -----------------------  FLIGHT CONDITIONS  ------------------------           --------------  REFERENCE DIMENSIONS  ------------
  MACH    ALTITUDE   VELOCITY    PRESSURE    TEMPERATURE     REYNOLDS             REF.      REFERENCE LENGTH   MOMENT REF. CENTER
 NUMBER                                                       NUMBER              AREA       LONG.     LAT.     HORIZ      VERT
             FT       FT/SEC     LB/FT**2       DEG R         1/FT               FT**2        FT        FT        FT        FT
0 0.130       0.00     145.49   2.1162E+03     518.670     9.2122E+05           178.500      5.250    35.208     1.570     0.000
0                                                               -------------------DERIVATIVE (PER RADIAN)-------------------
0 ALPHA     CD       CL       CM       CN       CA       XCP        CLA          CMA          CYB          CNB          CLB
0
   -4.0    0.018    0.105    0.0075   0.103    0.025    0.073    5.614E+00   -9.689E-03   -3.719E-01    1.162E-02   -5.661E-02
   -2.0    0.021    0.302    0.0067   0.301    0.031    0.022    5.747E+00   -5.379E-02                             -6.975E-02
   -1.0    0.024    0.403    0.0055   0.403    0.031    0.014    5.865E+00   -1.297E-01                             -7.650E-02
    0.0    0.028    0.507    0.0021   0.507    0.028    0.004    5.995E+00   -2.454E-01                             -8.338E-02
    2.0    0.040    0.720   -0.0102   0.721    0.015   -0.014    6.171E+00   -4.012E-01                             -9.749E-02
    4.0    0.057    0.938   -0.0259   0.939   -0.009   -0.028    6.274E+00   -5.048E-01                             -1.119E-01
    6.0    0.078    1.158   -0.0454   1.160   -0.043   -0.039    5.898E+00   -6.662E-01                             -1.265E-01
    8.0    0.100    1.349   -0.0724   1.350   -0.089   -0.054    5.010E+00   -9.060E-01                             -1.389E-01
   10.0    0.122    1.508   -0.1087   1.506   -0.142   -0.072    4.089E+00   -1.179E+00                             -1.486E-01
   12.0    0.141    1.635   -0.1547   1.629   -0.202   -0.095    3.105E+00   -1.459E+00                             -1.558E-01
   14.0    0.157    1.725     NA      1.711   -0.265    NA       3.061E-01      NA                                  -1.601E-01
   16.0    0.151    1.656     NA      1.634   -0.312    NA      -4.221E+00      NA                                  -1.524E-01
0                                    ALPHA     Q/QINF    EPSLON  D(EPSLON)/D(ALPHA)
0
                                     -4.0      0.894      1.003        0.538
                                     -2.0      0.939      2.079        0.541
                                     -1.0      0.973      2.622        0.544
                                      0.0      0.996      3.166        0.545
                                      2.0      1.000      4.258        0.545
                                      4.0      1.000      5.346        0.536
                                      6.0      1.000      6.401        0.502
                                      8.0      1.000      7.353        0.433
                                     10.0      1.000      8.134        0.343
                                     12.0      1.000      8.724        0.244
                                     14.0      1.000      9.109        0.079
                                     16.0      1.000      9.040       -0.034
0*** NA PRINTED WHEN METHOD NOT APPLICABLE
0*** VEHICLE WEIGHT =   1220.00 LB.
0*** LEVEL FLIGHT LIFT COEFFICIENT = 0.27161
1          THE FOLLOWING IS A LIST OF ALL INPUT CARDS FOR THIS CASE.
0
  $PROPWR AIETLP=-5.0,NENGSP=1.0,THSTCP=0.025,                                   
   PHALOC=-4.50,PHVLOC=0.0,PRPRAD=3.0,                                           
   ENGFCT=70.0,NOPBPE=2.0,BAPR75=15.0,YP=0.0,CROT=.FALSE.$                       
 CASEID Prop effect Ct 0.025                                                     
 SAVE                                                                            
 NEXT CASE                                                                       
0 INPUT DIMENSIONS ARE IN FT, SCALE FACTOR IS 1.0000

1                             AUTOMATED STABILITY AND CONTROL METHODS PER APRIL 1976 VERSION OF DATCOM   
                                                        USER DEFINED WING SECTION
     UPPER ABSCISSA     UPPER ORDINATE     LOWER ABSCISSA     LOWER ORDINATE      X-FRACTION CHORD    MEAN LINE    THICKNESS
         0.00000            0.00000           0.00000           0.00000              0.00000           0.00000       0.00000
         0.00085            0.00620           0.00115          -0.00620              0.00100           0.00000       0.01240
         0.00157            0.00869           0.00243          -0.00859              0.00200           0.00005       0.01730
         0.00232            0.01058           0.00368          -0.01038              0.00300           0.00010       0.02100
         0.00764            0.02305           0.01736          -0.01895              0.01250           0.00205       0.04310
         0.01785            0.03306           0.03235          -0.02226              0.02510           0.00540       0.05720
         0.04116            0.04835           0.05884          -0.02485              0.05000           0.01175       0.07530
         0.06591            0.06055           0.08409          -0.02565              0.07500           0.01745       0.08810
         0.09156            0.07036           0.10844          -0.02576              0.10000           0.02230       0.09760
         0.14324            0.08378           0.15676          -0.02528              0.15000           0.02925       0.10990
         0.19461            0.09285           0.20539          -0.02345              0.20000           0.03470       0.11680
         0.29760            0.10105           0.30240          -0.01965              0.30000           0.04070       0.12080
         0.40006            0.10060           0.39994          -0.01530              0.40000           0.04265       0.11590
         0.50177            0.09217           0.49823          -0.01117              0.50000           0.04050       0.10340
         0.60232            0.07944           0.59768          -0.00784              0.60000           0.03580       0.08740
         0.70243            0.06452           0.69757          -0.00482              0.70000           0.02985       0.06950
         0.80216            0.04610           0.79784          -0.00250              0.80000           0.02180       0.04880
         0.90132            0.02513           0.89867          -0.00093              0.90000           0.01210       0.02620
         0.95086            0.01405           0.94914          -0.00025              0.95000           0.00690       0.01440
         1.00000            0.00000           1.00000           0.00000              1.00000           0.00000       0.00000
1                             AUTOMATED STABILITY AND CONTROL METHODS PER APRIL 1976 VERSION OF DATCOM   
                                                        WING SECTION DEFINITION
0                                 IDEAL ANGLE OF ATTACK =   0.37733 DEG.

                              ZERO LIFT ANGLE OF ATTACK =  -3.95208 DEG.

                                 IDEAL LIFT COEFFICIENT =   0.52405

                  ZERO LIFT PITCHING MOMENT COEFFICIENT =  -0.10525

                             MACH ZERO LIFT-CURVE-SLOPE =   0.09839 /DEG.

                                    LEADING EDGE RADIUS =   0.01980 FRACTION CHORD

                              MAXIMUM AIRFOIL THICKNESS =   0.12080 FRACTION CHORD

                                                DELTA-Y =   3.27850 PERCENT CHORD


0                         MACH= 0.1303 LIFT-CURVE-SLOPE =   0.10787 /DEG.      XAC =   0.25260
1                             AUTOMATED STABILITY AND CONTROL METHODS PER APRIL 1976 VERSION OF DATCOM   
                                                   HORIZONTAL TAIL SECTION DEFINITION
0                                 IDEAL ANGLE OF ATTACK =   0.00000 DEG.

                              ZERO LIFT ANGLE OF ATTACK =   0.00000 DEG.

                                 IDEAL LIFT COEFFICIENT =   0.00000

                  ZERO LIFT PITCHING MOMENT COEFFICIENT =   0.00000

                             MACH ZERO LIFT-CURVE-SLOPE =   0.10147 /DEG.

                                    LEADING EDGE RADIUS =   0.00044 FRACTION CHORD

                              MAXIMUM AIRFOIL THICKNESS =   0.02000 FRACTION CHORD

                                                DELTA-Y =   0.52816 PERCENT CHORD


0                         MACH= 0.1303 LIFT-CURVE-SLOPE =   0.10640 /DEG.      XAC =   0.25453
1                             AUTOMATED STABILITY AND CONTROL METHODS PER APRIL 1976 VERSION OF DATCOM   
                                                    VERTICAL TAIL SECTION DEFINITION
0                                 IDEAL ANGLE OF ATTACK =   0.00000 DEG.

                              ZERO LIFT ANGLE OF ATTACK =   0.00000 DEG.

                                 IDEAL LIFT COEFFICIENT =   0.00000

                  ZERO LIFT PITCHING MOMENT COEFFICIENT =   0.00000

                             MACH ZERO LIFT-CURVE-SLOPE =   0.10147 /DEG.

                                    LEADING EDGE RADIUS =   0.00044 FRACTION CHORD

                              MAXIMUM AIRFOIL THICKNESS =   0.02000 FRACTION CHORD

                                                DELTA-Y =   0.52816 PERCENT CHORD


0                         MACH= 0.1303 LIFT-CURVE-SLOPE =   0.10724 /DEG.      XAC =   0.25450
1                               AUTOMATED STABILITY AND CONTROL METHODS PER APRIL 1976 VERSION OF DATCOM
                                         CHARACTERISTICS AT ANGLE OF ATTACK AND IN SIDESLIP
                                        WING-BODY-VERTICAL TAIL-HORIZONTAL TAIL CONFIGURATION
                               PROPELLER POWER EFFECTS INCLUDED IN THE LONGITUDINAL STABILITY RESULTS
                                                       Prop effect Ct 0.025
 
 -----------------------  FLIGHT CONDITIONS  ------------------------           --------------  REFERENCE DIMENSIONS  ------------
  MACH    ALTITUDE   VELOCITY    PRESSURE    TEMPERATURE     REYNOLDS             REF.      REFERENCE LENGTH   MOMENT REF. CENTER
 NUMBER                                                       NUMBER              AREA       LONG.     LAT.     HORIZ      VERT
             FT       FT/SEC     LB/FT**2       DEG R         1/FT               FT**2        FT        FT        FT        FT
0 0.130       0.00     145.49   2.1162E+03     518.670     9.2122E+05           178.500      5.250    35.208     1.570     0.000
0                                                               -------------------DERIVATIVE (PER RADIAN)-------------------
0 ALPHA     CD       CL       CM       CN       CA       XCP        CLA          CMA          CYB          CNB          CLB
0
   -4.0    0.018    0.102    0.0011   0.101    0.025    0.011    5.614E+00   -9.689E-03   -3.719E-01    1.162E-02   -5.661E-02
   -2.0    0.022    0.302    0.0064   0.301    0.032    0.021    5.747E+00   -5.379E-02                             -6.975E-02
   -1.0    0.025    0.405    0.0071   0.404    0.032    0.018    5.865E+00   -1.297E-01                             -7.650E-02
    0.0    0.029    0.511    0.0054   0.511    0.029    0.011    5.995E+00   -2.454E-01                             -8.338E-02
    2.0    0.041    0.729   -0.0055   0.730    0.015   -0.007    6.171E+00   -4.012E-01                             -9.749E-02
    4.0    0.058    0.952   -0.0203   0.953   -0.009   -0.021    6.274E+00   -5.048E-01                             -1.119E-01
    6.0    0.080    1.176   -0.0372   1.178   -0.044   -0.032    5.898E+00   -6.662E-01                             -1.265E-01
    8.0    0.102    1.368   -0.0587   1.369   -0.089   -0.043    5.010E+00   -9.060E-01                             -1.389E-01
   10.0    0.123    1.525   -0.0888   1.523   -0.143   -0.058    4.089E+00   -1.179E+00                             -1.486E-01
   12.0    0.142    1.647   -0.1317   1.641   -0.204   -0.080    3.105E+00   -1.459E+00                             -1.558E-01
   14.0    0.160    1.746    0.0294   1.733   -0.267    0.017    3.061E-01      NA                                  -1.601E-01
   16.0    0.153    1.681    0.0213   1.658   -0.316    0.013   -4.221E+00      NA                                  -1.524E-01
0                                    ALPHA     Q/QINF    EPSLON  D(EPSLON)/D(ALPHA)
0
                                     -4.0      0.894      1.003        0.538
                                     -2.0      0.939      2.079        0.541
                                     -1.0      0.973      2.622        0.544
                                      0.0      0.996      3.166        0.545
                                      2.0      1.000      4.258        0.545
                                      4.0      1.000      5.346        0.536
                                      6.0      1.000      6.401        0.502
                                      8.0      1.000      7.353        0.433
                                     10.0      1.000      8.134        0.343
                                     12.0      1.000      8.724        0.244
                                     14.0      1.000      9.109        0.079
                                     16.0      1.000      9.040       -0.034
0*** NA PRINTED WHEN METHOD NOT APPLICABLE
0*** VEHICLE WEIGHT =   1220.00 LB.
0*** LEVEL FLIGHT LIFT COEFFICIENT = 0.27161
1          THE FOLLOWING IS A LIST OF ALL INPUT CARDS FOR THIS CASE.
0
  $PROPWR AIETLP=-5.0,NENGSP=1.0,THSTCP=0.05,                                    
   PHALOC=-4.50,PHVLOC=0.0,PRPRAD=3.0,                                           
   ENGFCT=70.0,NOPBPE=2.0,BAPR75=15.0,YP=0.0,CROT=.FALSE.$                       
 CASEID Prop effect Ct 0.05                                                      
 SAVE                                                                            
 NEXT CASE                                                                       
0 INPUT DIMENSIONS ARE IN FT, SCALE FACTOR IS 1.0000

1                             AUTOMATED STABILITY AND CONTROL METHODS PER APRIL 1976 VERSION OF DATCOM   
                                                        USER DEFINED WING SECTION
     UPPER ABSCISSA     UPPER ORDINATE     LOWER ABSCISSA     LOWER ORDINATE      X-FRACTION CHORD    MEAN LINE    THICKNESS
         0.00000            0.00000           0.00000           0.00000              0.00000           0.00000       0.00000
         0.00085            0.00620           0.00115          -0.00620              0.00100           0.00000       0.01240
         0.00157            0.00869           0.00243          -0.00859              0.00200           0.00005       0.01730
         0.00232            0.01058           0.00368          -0.01038              0.00300           0.00010       0.02100
         0.00764            0.02305           0.01736          -0.01895              0.01250           0.00205       0.04310
         0.01785            0.03306           0.03235          -0.02226              0.02510           0.00540       0.05720
         0.04116            0.04835           0.05884          -0.02485              0.05000           0.01175       0.07530
         0.06591            0.06055           0.08409          -0.02565              0.07500           0.01745       0.08810
         0.09156            0.07036           0.10844          -0.02576              0.10000           0.02230       0.09760
         0.14324            0.08378           0.15676          -0.02528              0.15000           0.02925       0.10990
         0.19461            0.09285           0.20539          -0.02345              0.20000           0.03470       0.11680
         0.29760            0.10105           0.30240          -0.01965              0.30000           0.04070       0.12080
         0.40006            0.10060           0.39994          -0.01530              0.40000           0.04265       0.11590
         0.50177            0.09217           0.49823          -0.01117              0.50000           0.04050       0.10340
         0.60232            0.07944           0.59768          -0.00784              0.60000           0.03580       0.08740
         0.70243            0.06452           0.69757          -0.00482              0.70000           0.02985       0.06950
         0.80216            0.04610           0.79784          -0.00250              0.80000           0.02180       0.04880
         0.90132            0.02513           0.89867          -0.00093              0.90000           0.01210       0.02620
         0.95086            0.01405           0.94914          -0.00025              0.95000           0.00690       0.01440
         1.00000            0.00000           1.00000           0.00000              1.00000           0.00000       0.00000
1                             AUTOMATED STABILITY AND CONTROL METHODS PER APRIL 1976 VERSION OF DATCOM   
                                                        WING SECTION DEFINITION
0                                 IDEAL ANGLE OF ATTACK =   0.37733 DEG.

                              ZERO LIFT ANGLE OF ATTACK =  -3.95208 DEG.

                                 IDEAL LIFT COEFFICIENT =   0.52405

                  ZERO LIFT PITCHING MOMENT COEFFICIENT =  -0.10525

                             MACH ZERO LIFT-CURVE-SLOPE =   0.09839 /DEG.

                                    LEADING EDGE RADIUS =   0.01980 FRACTION CHORD

                              MAXIMUM AIRFOIL THICKNESS =   0.12080 FRACTION CHORD

                                                DELTA-Y =   3.27850 PERCENT CHORD


0                         MACH= 0.1303 LIFT-CURVE-SLOPE =   0.10787 /DEG.      XAC =   0.25260
1                             AUTOMATED STABILITY AND CONTROL METHODS PER APRIL 1976 VERSION OF DATCOM   
                                                   HORIZONTAL TAIL SECTION DEFINITION
0                                 IDEAL ANGLE OF ATTACK =   0.00000 DEG.

                              ZERO LIFT ANGLE OF ATTACK =   0.00000 DEG.

                                 IDEAL LIFT COEFFICIENT =   0.00000

                  ZERO LIFT PITCHING MOMENT COEFFICIENT =   0.00000

                             MACH ZERO LIFT-CURVE-SLOPE =   0.10147 /DEG.

                                    LEADING EDGE RADIUS =   0.00044 FRACTION CHORD

                              MAXIMUM AIRFOIL THICKNESS =   0.02000 FRACTION CHORD

                                                DELTA-Y =   0.52816 PERCENT CHORD


0                         MACH= 0.1303 LIFT-CURVE-SLOPE =   0.10640 /DEG.      XAC =   0.25453
1                             AUTOMATED STABILITY AND CONTROL METHODS PER APRIL 1976 VERSION OF DATCOM   
                                                    VERTICAL TAIL SECTION DEFINITION
0                                 IDEAL ANGLE OF ATTACK =   0.00000 DEG.

                              ZERO LIFT ANGLE OF ATTACK =   0.00000 DEG.

                                 IDEAL LIFT COEFFICIENT =   0.00000

                  ZERO LIFT PITCHING MOMENT COEFFICIENT =   0.00000

                             MACH ZERO LIFT-CURVE-SLOPE =   0.10147 /DEG.

                                    LEADING EDGE RADIUS =   0.00044 FRACTION CHORD

                              MAXIMUM AIRFOIL THICKNESS =   0.02000 FRACTION CHORD

                                                DELTA-Y =   0.52816 PERCENT CHORD


0                         MACH= 0.1303 LIFT-CURVE-SLOPE =   0.10724 /DEG.      XAC =   0.25450
1                               AUTOMATED STABILITY AND CONTROL METHODS PER APRIL 1976 VERSION OF DATCOM
                                         CHARACTERISTICS AT ANGLE OF ATTACK AND IN SIDESLIP
                                        WING-BODY-VERTICAL TAIL-HORIZONTAL TAIL CONFIGURATION
                               PROPELLER POWER EFFECTS INCLUDED IN THE LONGITUDINAL STABILITY RESULTS
                                                        Prop effect Ct 0.05
 
 -----------------------  FLIGHT CONDITIONS  ------------------------           --------------  REFERENCE DIMENSIONS  ------------
  MACH    ALTITUDE   VELOCITY    PRESSURE    TEMPERATURE     REYNOLDS             REF.      REFERENCE LENGTH   MOMENT REF. CENTER
 NUMBER                                                       NUMBER              AREA       LONG.     LAT.     HORIZ      VERT
             FT       FT/SEC     LB/FT**2       DEG R         1/FT               FT**2        FT        FT        FT        FT
0 0.130       0.00     145.49   2.1162E+03     518.670     9.2122E+05           178.500      5.250    35.208     1.570     0.000
0                                                               -------------------DERIVATIVE (PER RADIAN)-------------------
0 ALPHA     CD       CL       CM       CN       CA       XCP        CLA          CMA          CYB          CNB          CLB
0
   -4.0    0.019    0.096    0.0064   0.095    0.026    0.068    5.614E+00   -9.689E-03   -3.719E-01    1.162E-02   -5.661E-02
   -2.0    0.022    0.298    0.0149   0.297    0.033    0.050    5.747E+00   -5.379E-02                             -6.975E-02
   -1.0    0.026    0.403    0.0164   0.402    0.033    0.041    5.865E+00   -1.297E-01                             -7.650E-02
    0.0    0.030    0.510    0.0149   0.510    0.030    0.029    5.995E+00   -2.454E-01                             -8.338E-02
    2.0    0.042    0.733    0.0027   0.734    0.016    0.004    6.171E+00   -4.012E-01                             -9.749E-02
    4.0    0.059    0.960   -0.0145   0.962   -0.008   -0.015    6.274E+00   -5.048E-01                             -1.119E-01
    6.0    0.082    1.188   -0.0327   1.190   -0.043   -0.028    5.898E+00   -6.662E-01                             -1.265E-01
    8.0    0.105    1.383   -0.0532   1.384   -0.088   -0.038    5.010E+00   -9.060E-01                             -1.389E-01
   10.0    0.126    1.539   -0.0807   1.537   -0.143   -0.052    4.089E+00   -1.179E+00                             -1.486E-01
   12.0    0.144    1.657   -0.1214   1.651   -0.204   -0.074    3.105E+00   -1.459E+00                             -1.558E-01
   14.0    0.156    1.735    0.0252   1.722   -0.268    0.015    3.061E-01      NA                                  -1.601E-01
   16.0    0.157    1.696    0.0303   1.674   -0.317    0.018   -4.221E+00      NA                                  -1.524E-01
0                                    ALPHA     Q/QINF    EPSLON  D(EPSLON)/D(ALPHA)
0
                                     -4.0      0.894      1.003        0.538
                                     -2.0      0.939      2.079        0.541
                                     -1.0      0.973      2.622        0.544
                                      0.0      0.996      3.166        0.545
                                      2.0      1.000      4.258        0.545
                                      4.0      1.000      5.346        0.536
                                      6.0      1.000      6.401        0.502
                                      8.0      1.000      7.353        0.433
                                     10.0      1.000      8.134        0.343
                                     12.0      1.000      8.724        0.244
                                     14.0      1.000      9.109        0.079
                                     16.0      1.000      9.040       -0.034
0*** NA PRINTED WHEN METHOD NOT APPLICABLE
0*** VEHICLE WEIGHT =   1220.00 LB.
0*** LEVEL FLIGHT LIFT COEFFICIENT = 0.27161
1          THE FOLLOWING IS A LIST OF ALL INPUT CARDS FOR THIS CASE.
0
  $PROPWR AIETLP=-5.0,NENGSP=1.0,THSTCP=0.100,                                   
   PHALOC=-4.50,PHVLOC=0.0,PRPRAD=3.0,                                           
   ENGFCT=70.0,NOPBPE=2.0,BAPR75=15.0,YP=0.0,CROT=.FALSE.$                       
 CASEID Prop effect Ct 0.100                                                     
 SAVE                                                                            
 NEXT CASE                                                                       
0 INPUT DIMENSIONS ARE IN FT, SCALE FACTOR IS 1.0000

1                             AUTOMATED STABILITY AND CONTROL METHODS PER APRIL 1976 VERSION OF DATCOM   
                                                        USER DEFINED WING SECTION
     UPPER ABSCISSA     UPPER ORDINATE     LOWER ABSCISSA     LOWER ORDINATE      X-FRACTION CHORD    MEAN LINE    THICKNESS
         0.00000            0.00000           0.00000           0.00000              0.00000           0.00000       0.00000
         0.00085            0.00620           0.00115          -0.00620              0.00100           0.00000       0.01240
         0.00157            0.00869           0.00243          -0.00859              0.00200           0.00005       0.01730
         0.00232            0.01058           0.00368          -0.01038              0.00300           0.00010       0.02100
         0.00764            0.02305           0.01736          -0.01895              0.01250           0.00205       0.04310
         0.01785            0.03306           0.03235          -0.02226              0.02510           0.00540       0.05720
         0.04116            0.04835           0.05884          -0.02485              0.05000           0.01175       0.07530
         0.06591            0.06055           0.08409          -0.02565              0.07500           0.01745       0.08810
         0.09156            0.07036           0.10844          -0.02576              0.10000           0.02230       0.09760
         0.14324            0.08378           0.15676          -0.02528              0.15000           0.02925       0.10990
         0.19461            0.09285           0.20539          -0.02345              0.20000           0.03470       0.11680
         0.29760            0.10105           0.30240          -0.01965              0.30000           0.04070       0.12080
         0.40006            0.10060           0.39994          -0.01530              0.40000           0.04265       0.11590
         0.50177            0.09217           0.49823          -0.01117              0.50000           0.04050       0.10340
         0.60232            0.07944           0.59768          -0.00784              0.60000           0.03580       0.08740
         0.70243            0.06452           0.69757          -0.00482              0.70000           0.02985       0.06950
         0.80216            0.04610           0.79784          -0.00250              0.80000           0.02180       0.04880
         0.90132            0.02513           0.89867          -0.00093              0.90000           0.01210       0.02620
         0.95086            0.01405           0.94914          -0.00025              0.95000           0.00690       0.01440
         1.00000            0.00000           1.00000           0.00000              1.00000           0.00000       0.00000
1                             AUTOMATED STABILITY AND CONTROL METHODS PER APRIL 1976 VERSION OF DATCOM   
                                                        WING SECTION DEFINITION
0                                 IDEAL ANGLE OF ATTACK =   0.37733 DEG.

                              ZERO LIFT ANGLE OF ATTACK =  -3.95208 DEG.

                                 IDEAL LIFT COEFFICIENT =   0.52405

                  ZERO LIFT PITCHING MOMENT COEFFICIENT =  -0.10525

                             MACH ZERO LIFT-CURVE-SLOPE =   0.09839 /DEG.

                                    LEADING EDGE RADIUS =   0.01980 FRACTION CHORD

                              MAXIMUM AIRFOIL THICKNESS =   0.12080 FRACTION CHORD

                                                DELTA-Y =   3.27850 PERCENT CHORD


0                         MACH= 0.1303 LIFT-CURVE-SLOPE =   0.10787 /DEG.      XAC =   0.25260
1                             AUTOMATED STABILITY AND CONTROL METHODS PER APRIL 1976 VERSION OF DATCOM   
                                                   HORIZONTAL TAIL SECTION DEFINITION
0                                 IDEAL ANGLE OF ATTACK =   0.00000 DEG.

                              ZERO LIFT ANGLE OF ATTACK =   0.00000 DEG.

                                 IDEAL LIFT COEFFICIENT =   0.00000

                  ZERO LIFT PITCHING MOMENT COEFFICIENT =   0.00000

                             MACH ZERO LIFT-CURVE-SLOPE =   0.10147 /DEG.

                                    LEADING EDGE RADIUS =   0.00044 FRACTION CHORD

                              MAXIMUM AIRFOIL THICKNESS =   0.02000 FRACTION CHORD

                                                DELTA-Y =   0.52816 PERCENT CHORD


0                         MACH= 0.1303 LIFT-CURVE-SLOPE =   0.10640 /DEG.      XAC =   0.25453
1                             AUTOMATED STABILITY AND CONTROL METHODS PER APRIL 1976 VERSION OF DATCOM   
                                                    VERTICAL TAIL SECTION DEFINITION
0                                 IDEAL ANGLE OF ATTACK =   0.00000 DEG.

                              ZERO LIFT ANGLE OF ATTACK =   0.00000 DEG.

                                 IDEAL LIFT COEFFICIENT =   0.00000

                  ZERO LIFT PITCHING MOMENT COEFFICIENT =   0.00000

                             MACH ZERO LIFT-CURVE-SLOPE =   0.10147 /DEG.

                                    LEADING EDGE RADIUS =   0.00044 FRACTION CHORD

                              MAXIMUM AIRFOIL THICKNESS =   0.02000 FRACTION CHORD

                                                DELTA-Y =   0.52816 PERCENT CHORD


0                         MACH= 0.1303 LIFT-CURVE-SLOPE =   0.10724 /DEG.      XAC =   0.25450
1                               AUTOMATED STABILITY AND CONTROL METHODS PER APRIL 1976 VERSION OF DATCOM
                                         CHARACTERISTICS AT ANGLE OF ATTACK AND IN SIDESLIP
                                        WING-BODY-VERTICAL TAIL-HORIZONTAL TAIL CONFIGURATION
                               PROPELLER POWER EFFECTS INCLUDED IN THE LONGITUDINAL STABILITY RESULTS
                                                       Prop effect Ct 0.100
 
 -----------------------  FLIGHT CONDITIONS  ------------------------           --------------  REFERENCE DIMENSIONS  ------------
  MACH    ALTITUDE   VELOCITY    PRESSURE    TEMPERATURE     REYNOLDS             REF.      REFERENCE LENGTH   MOMENT REF. CENTER
 NUMBER                                                       NUMBER              AREA       LONG.     LAT.     HORIZ      VERT
             FT       FT/SEC     LB/FT**2       DEG R         1/FT               FT**2        FT        FT        FT        FT
0 0.130       0.00     145.49   2.1162E+03     518.670     9.2122E+05           178.500      5.250    35.208     1.570     0.000
0                                                               -------------------DERIVATIVE (PER RADIAN)-------------------
0 ALPHA     CD       CL       CM       CN       CA       XCP        CLA          CMA          CYB          CNB          CLB
0
   -4.0    0.022    0.086    0.0160   0.084    0.028    0.191    5.614E+00   -9.689E-03   -3.719E-01    1.162E-02   -5.661E-02
   -2.0    0.024    0.291    0.0289   0.290    0.035    0.099    5.747E+00   -5.379E-02                             -6.975E-02
   -1.0    0.027    0.398    0.0322   0.397    0.034    0.081    5.865E+00   -1.297E-01                             -7.650E-02
    0.0    0.032    0.508    0.0312   0.508    0.032    0.061    5.995E+00   -2.454E-01                             -8.338E-02
    2.0    0.044    0.738    0.0177   0.739    0.019    0.024    6.171E+00   -4.012E-01                             -9.749E-02
    4.0    0.063    0.973   -0.0025   0.975   -0.005   -0.003    6.274E+00   -5.048E-01                             -1.119E-01
    6.0    0.086    1.209   -0.0235   1.211   -0.040   -0.019    5.898E+00   -6.662E-01                             -1.265E-01
    8.0    0.111    1.408   -0.0446   1.410   -0.086   -0.032    5.010E+00   -9.060E-01                             -1.389E-01
   10.0    0.133    1.565   -0.0687   1.565   -0.141   -0.044    4.089E+00   -1.179E+00                             -1.486E-01
   12.0    0.152    1.682   -0.1026   1.677   -0.201   -0.061    3.105E+00   -1.459E+00                             -1.558E-01
   14.0    0.163    1.749    0.0545   1.736   -0.265    0.031    3.061E-01      NA                                  -1.601E-01
   16.0    0.166    1.715    0.0635   1.694   -0.313    0.037   -4.221E+00      NA                                  -1.524E-01
0                                    ALPHA     Q/QINF    EPSLON  D(EPSLON)/D(ALPHA)
0
                                     -4.0      0.894      1.003        0.538
                                     -2.0      0.939      2.079        0.541
                                     -1.0      0.973      2.622        0.544
                                      0.0      0.996      3.166        0.545
                                      2.0      1.000      4.258        0.545
                                      4.0      1.000      5.346        0.536
                                      6.0      1.000      6.401        0.502
                                      8.0      1.000      7.353        0.433
                                     10.0      1.000      8.134        0.343
                                     12.0      1.000      8.724        0.244
                                     14.0      1.000      9.109        0.079
                                     16.0      1.000      9.040       -0.034
0*** NA PRINTED WHEN METHOD NOT APPLICABLE
0*** VEHICLE WEIGHT =   1220.00 LB.
0*** LEVEL FLIGHT LIFT COEFFICIENT = 0.27161
1          THE FOLLOWING IS A LIST OF ALL INPUT CARDS FOR THIS CASE.
0
  $PROPWR AIETLP=-5.0,NENGSP=1.0,THSTCP=0.125,                                   
   PHALOC=-4.50,PHVLOC=0.0,PRPRAD=3.0,                                           
   ENGFCT=70.0,NOPBPE=2.0,BAPR75=15.0,YP=0.0,CROT=.FALSE.$                       
 CASEID Prop effect Ct 0.125                                                     
 SAVE                                                                            
 NEXT CASE                                                                       
0 INPUT DIMENSIONS ARE IN FT, SCALE FACTOR IS 1.0000

1                             AUTOMATED STABILITY AND CONTROL METHODS PER APRIL 1976 VERSION OF DATCOM   
                                                        USER DEFINED WING SECTION
     UPPER ABSCISSA     UPPER ORDINATE     LOWER ABSCISSA     LOWER ORDINATE      X-FRACTION CHORD    MEAN LINE    THICKNESS
         0.00000            0.00000           0.00000           0.00000              0.00000           0.00000       0.00000
         0.00085            0.00620           0.00115          -0.00620              0.00100           0.00000       0.01240
         0.00157            0.00869           0.00243          -0.00859              0.00200           0.00005       0.01730
         0.00232            0.01058           0.00368          -0.01038              0.00300           0.00010       0.02100
         0.00764            0.02305           0.01736          -0.01895              0.01250           0.00205       0.04310
         0.01785            0.03306           0.03235          -0.02226              0.02510           0.00540       0.05720
         0.04116            0.04835           0.05884          -0.02485              0.05000           0.01175       0.07530
         0.06591            0.06055           0.08409          -0.02565              0.07500           0.01745       0.08810
         0.09156            0.07036           0.10844          -0.02576              0.10000           0.02230       0.09760
         0.14324            0.08378           0.15676          -0.02528              0.15000           0.02925       0.10990
         0.19461            0.09285           0.20539          -0.02345              0.20000           0.03470       0.11680
         0.29760            0.10105           0.30240          -0.01965              0.30000           0.04070       0.12080
         0.40006            0.10060           0.39994          -0.01530              0.40000           0.04265       0.11590
         0.50177            0.09217           0.49823          -0.01117              0.50000           0.04050       0.10340
         0.60232            0.07944           0.59768          -0.00784              0.60000           0.03580       0.08740
         0.70243            0.06452           0.69757          -0.00482              0.70000           0.02985       0.06950
         0.80216            0.04610           0.79784          -0.00250              0.80000           0.02180       0.04880
         0.90132            0.02513           0.89867          -0.00093              0.90000           0.01210       0.02620
         0.95086            0.01405           0.94914          -0.00025              0.95000           0.00690       0.01440
         1.00000            0.00000           1.00000           0.00000              1.00000           0.00000       0.00000
1                             AUTOMATED STABILITY AND CONTROL METHODS PER APRIL 1976 VERSION OF DATCOM   
                                                        WING SECTION DEFINITION
0                                 IDEAL ANGLE OF ATTACK =   0.37733 DEG.

                              ZERO LIFT ANGLE OF ATTACK =  -3.95208 DEG.

                                 IDEAL LIFT COEFFICIENT =   0.52405

                  ZERO LIFT PITCHING MOMENT COEFFICIENT =  -0.10525

                             MACH ZERO LIFT-CURVE-SLOPE =   0.09839 /DEG.

                                    LEADING EDGE RADIUS =   0.01980 FRACTION CHORD

                              MAXIMUM AIRFOIL THICKNESS =   0.12080 FRACTION CHORD

                                                DELTA-Y =   3.27850 PERCENT CHORD


0                         MACH= 0.1303 LIFT-CURVE-SLOPE =   0.10787 /DEG.      XAC =   0.25260
1                             AUTOMATED STABILITY AND CONTROL METHODS PER APRIL 1976 VERSION OF DATCOM   
                                                   HORIZONTAL TAIL SECTION DEFINITION
0                                 IDEAL ANGLE OF ATTACK =   0.00000 DEG.

                              ZERO LIFT ANGLE OF ATTACK =   0.00000 DEG.

                                 IDEAL LIFT COEFFICIENT =   0.00000

                  ZERO LIFT PITCHING MOMENT COEFFICIENT =   0.00000

                             MACH ZERO LIFT-CURVE-SLOPE =   0.10147 /DEG.

                                    LEADING EDGE RADIUS =   0.00044 FRACTION CHORD

                              MAXIMUM AIRFOIL THICKNESS =   0.02000 FRACTION CHORD

                                                DELTA-Y =   0.52816 PERCENT CHORD


0                         MACH= 0.1303 LIFT-CURVE-SLOPE =   0.10640 /DEG.      XAC =   0.25453
1                             AUTOMATED STABILITY AND CONTROL METHODS PER APRIL 1976 VERSION OF DATCOM   
                                                    VERTICAL TAIL SECTION DEFINITION
0                                 IDEAL ANGLE OF ATTACK =   0.00000 DEG.

                              ZERO LIFT ANGLE OF ATTACK =   0.00000 DEG.

                                 IDEAL LIFT COEFFICIENT =   0.00000

                  ZERO LIFT PITCHING MOMENT COEFFICIENT =   0.00000

                             MACH ZERO LIFT-CURVE-SLOPE =   0.10147 /DEG.

                                    LEADING EDGE RADIUS =   0.00044 FRACTION CHORD

                              MAXIMUM AIRFOIL THICKNESS =   0.02000 FRACTION CHORD

                                                DELTA-Y =   0.52816 PERCENT CHORD


0                         MACH= 0.1303 LIFT-CURVE-SLOPE =   0.10724 /DEG.      XAC =   0.25450
1                               AUTOMATED STABILITY AND CONTROL METHODS PER APRIL 1976 VERSION OF DATCOM
                                         CHARACTERISTICS AT ANGLE OF ATTACK AND IN SIDESLIP
                                        WING-BODY-VERTICAL TAIL-HORIZONTAL TAIL CONFIGURATION
                               PROPELLER POWER EFFECTS INCLUDED IN THE LONGITUDINAL STABILITY RESULTS
                                                       Prop effect Ct 0.125
 
 -----------------------  FLIGHT CONDITIONS  ------------------------           --------------  REFERENCE DIMENSIONS  ------------
  MACH    ALTITUDE   VELOCITY    PRESSURE    TEMPERATURE     REYNOLDS             REF.      REFERENCE LENGTH   MOMENT REF. CENTER
 NUMBER                                                       NUMBER              AREA       LONG.     LAT.     HORIZ      VERT
             FT       FT/SEC     LB/FT**2       DEG R         1/FT               FT**2        FT        FT        FT        FT
0 0.130       0.00     145.49   2.1162E+03     518.670     9.2122E+05           178.500      5.250    35.208     1.570     0.000
0                                                               -------------------DERIVATIVE (PER RADIAN)-------------------
0 ALPHA     CD       CL       CM       CN       CA       XCP        CLA          CMA          CYB          CNB          CLB
0
   -4.0    0.024    0.081    0.0195   0.079    0.029    0.245    5.614E+00   -9.689E-03   -3.719E-01    1.162E-02   -5.661E-02
   -2.0    0.026    0.288    0.0334   0.287    0.036    0.116    5.747E+00   -5.379E-02                             -6.975E-02
   -1.0    0.029    0.396    0.0374   0.396    0.036    0.095    5.865E+00   -1.297E-01                             -7.650E-02
    0.0    0.033    0.508    0.0367   0.508    0.033    0.072    5.995E+00   -2.454E-01                             -8.338E-02
    2.0    0.046    0.740    0.0234   0.741    0.020    0.032    6.171E+00   -4.012E-01                             -9.749E-02
    4.0    0.064    0.978    0.0027   0.980   -0.004    0.003    6.274E+00   -5.048E-01                             -1.119E-01
    6.0    0.089    1.217   -0.0193   1.220   -0.039   -0.016    5.898E+00   -6.662E-01                             -1.265E-01
    8.0    0.114    1.419   -0.0415   1.421   -0.085   -0.029    5.010E+00   -9.060E-01                             -1.389E-01
   10.0    0.137    1.578   -0.0654   1.578   -0.139   -0.041    4.089E+00   -1.179E+00                             -1.486E-01
   12.0    0.157    1.695   -0.0968   1.691   -0.199   -0.057    3.105E+00   -1.459E+00                             -1.558E-01
   14.0    0.169    1.763    0.0664   1.752   -0.262    0.038    3.061E-01      NA                                  -1.601E-01
   16.0    0.172    1.722    0.0776   1.703   -0.309    0.046   -4.221E+00      NA                                  -1.524E-01
0                                    ALPHA     Q/QINF    EPSLON  D(EPSLON)/D(ALPHA)
0
                                     -4.0      0.894      1.003        0.538
                                     -2.0      0.939      2.079        0.541
                                     -1.0      0.973      2.622        0.544
                                      0.0      0.996      3.166        0.545
                                      2.0      1.000      4.258        0.545
                                      4.0      1.000      5.346        0.536
                                      6.0      1.000      6.401        0.502
                                      8.0      1.000      7.353        0.433
                                     10.0      1.000      8.134        0.343
                                     12.0      1.000      8.724        0.244
                                     14.0      1.000      9.109        0.079
                                     16.0      1.000      9.040       -0.034
0*** NA PRINTED WHEN METHOD NOT APPLICABLE
0*** VEHICLE WEIGHT =   1220.00 LB.
0*** LEVEL FLIGHT LIFT COEFFICIENT = 0.27161
1          THE FOLLOWING IS A LIST OF ALL INPUT CARDS FOR THIS CASE.
0
  $PROPWR AIETLP=-5.0,NENGSP=1.0,THSTCP=0.150,                                   
   PHALOC=-4.50,PHVLOC=0.0,PRPRAD=3.0,                                           
   ENGFCT=70.0,NOPBPE=2.0,BAPR75=15.0,YP=0.0,CROT=.FALSE.$                       
 CASEID Prop effect Ct 0.150                                                     
 SAVE                                                                            
 NEXT CASE                                                                       
0 INPUT DIMENSIONS ARE IN FT, SCALE FACTOR IS 1.0000

1                             AUTOMATED STABILITY AND CONTROL METHODS PER APRIL 1976 VERSION OF DATCOM   
                                                        USER DEFINED WING SECTION
     UPPER ABSCISSA     UPPER ORDINATE     LOWER ABSCISSA     LOWER ORDINATE      X-FRACTION CHORD    MEAN LINE    THICKNESS
         0.00000            0.00000           0.00000           0.00000              0.00000           0.00000       0.00000
         0.00085            0.00620           0.00115          -0.00620              0.00100           0.00000       0.01240
         0.00157            0.00869           0.00243          -0.00859              0.00200           0.00005       0.01730
         0.00232            0.01058           0.00368          -0.01038              0.00300           0.00010       0.02100
         0.00764            0.02305           0.01736          -0.01895              0.01250           0.00205       0.04310
         0.01785            0.03306           0.03235          -0.02226              0.02510           0.00540       0.05720
         0.04116            0.04835           0.05884          -0.02485              0.05000           0.01175       0.07530
         0.06591            0.06055           0.08409          -0.02565              0.07500           0.01745       0.08810
         0.09156            0.07036           0.10844          -0.02576              0.10000           0.02230       0.09760
         0.14324            0.08378           0.15676          -0.02528              0.15000           0.02925       0.10990
         0.19461            0.09285           0.20539          -0.02345              0.20000           0.03470       0.11680
         0.29760            0.10105           0.30240          -0.01965              0.30000           0.04070       0.12080
         0.40006            0.10060           0.39994          -0.01530              0.40000           0.04265       0.11590
         0.50177            0.09217           0.49823          -0.01117              0.50000           0.04050       0.10340
         0.60232            0.07944           0.59768          -0.00784              0.60000           0.03580       0.08740
         0.70243            0.06452           0.69757          -0.00482              0.70000           0.02985       0.06950
         0.80216            0.04610           0.79784          -0.00250              0.80000           0.02180       0.04880
         0.90132            0.02513           0.89867          -0.00093              0.90000           0.01210       0.02620
         0.95086            0.01405           0.94914          -0.00025              0.95000           0.00690       0.01440
         1.00000            0.00000           1.00000           0.00000              1.00000           0.00000       0.00000
1                             AUTOMATED STABILITY AND CONTROL METHODS PER APRIL 1976 VERSION OF DATCOM   
                                                        WING SECTION DEFINITION
0                                 IDEAL ANGLE OF ATTACK =   0.37733 DEG.

                              ZERO LIFT ANGLE OF ATTACK =  -3.95208 DEG.

                                 IDEAL LIFT COEFFICIENT =   0.52405

                  ZERO LIFT PITCHING MOMENT COEFFICIENT =  -0.10525

                             MACH ZERO LIFT-CURVE-SLOPE =   0.09839 /DEG.

                                    LEADING EDGE RADIUS =   0.01980 FRACTION CHORD

                              MAXIMUM AIRFOIL THICKNESS =   0.12080 FRACTION CHORD

                                                DELTA-Y =   3.27850 PERCENT CHORD


0                         MACH= 0.1303 LIFT-CURVE-SLOPE =   0.10787 /DEG.      XAC =   0.25260
1                             AUTOMATED STABILITY AND CONTROL METHODS PER APRIL 1976 VERSION OF DATCOM   
                                                   HORIZONTAL TAIL SECTION DEFINITION
0                                 IDEAL ANGLE OF ATTACK =   0.00000 DEG.

                              ZERO LIFT ANGLE OF ATTACK =   0.00000 DEG.

                                 IDEAL LIFT COEFFICIENT =   0.00000

                  ZERO LIFT PITCHING MOMENT COEFFICIENT =   0.00000

                             MACH ZERO LIFT-CURVE-SLOPE =   0.10147 /DEG.

                                    LEADING EDGE RADIUS =   0.00044 FRACTION CHORD

                              MAXIMUM AIRFOIL THICKNESS =   0.02000 FRACTION CHORD

                                                DELTA-Y =   0.52816 PERCENT CHORD


0                         MACH= 0.1303 LIFT-CURVE-SLOPE =   0.10640 /DEG.      XAC =   0.25453
1                             AUTOMATED STABILITY AND CONTROL METHODS PER APRIL 1976 VERSION OF DATCOM   
                                                    VERTICAL TAIL SECTION DEFINITION
0                                 IDEAL ANGLE OF ATTACK =   0.00000 DEG.

                              ZERO LIFT ANGLE OF ATTACK =   0.00000 DEG.

                                 IDEAL LIFT COEFFICIENT =   0.00000

                  ZERO LIFT PITCHING MOMENT COEFFICIENT =   0.00000

                             MACH ZERO LIFT-CURVE-SLOPE =   0.10147 /DEG.

                                    LEADING EDGE RADIUS =   0.00044 FRACTION CHORD

                              MAXIMUM AIRFOIL THICKNESS =   0.02000 FRACTION CHORD

                                                DELTA-Y =   0.52816 PERCENT CHORD


0                         MACH= 0.1303 LIFT-CURVE-SLOPE =   0.10724 /DEG.      XAC =   0.25450
1                               AUTOMATED STABILITY AND CONTROL METHODS PER APRIL 1976 VERSION OF DATCOM
                                         CHARACTERISTICS AT ANGLE OF ATTACK AND IN SIDESLIP
                                        WING-BODY-VERTICAL TAIL-HORIZONTAL TAIL CONFIGURATION
                               PROPELLER POWER EFFECTS INCLUDED IN THE LONGITUDINAL STABILITY RESULTS
                                                       Prop effect Ct 0.150
 
 -----------------------  FLIGHT CONDITIONS  ------------------------           --------------  REFERENCE DIMENSIONS  ------------
  MACH    ALTITUDE   VELOCITY    PRESSURE    TEMPERATURE     REYNOLDS             REF.      REFERENCE LENGTH   MOMENT REF. CENTER
 NUMBER                                                       NUMBER              AREA       LONG.     LAT.     HORIZ      VERT
             FT       FT/SEC     LB/FT**2       DEG R         1/FT               FT**2        FT        FT        FT        FT
0 0.130       0.00     145.49   2.1162E+03     518.670     9.2122E+05           178.500      5.250    35.208     1.570     0.000
0                                                               -------------------DERIVATIVE (PER RADIAN)-------------------
0 ALPHA     CD       CL       CM       CN       CA       XCP        CLA          CMA          CYB          CNB          CLB
0
   -4.0    0.025    0.077    0.0232   0.075    0.031    0.310    5.614E+00   -9.689E-03   -3.719E-01    1.162E-02   -5.661E-02
   -2.0    0.027    0.286    0.0379   0.284    0.037    0.133    5.747E+00   -5.379E-02                             -6.975E-02
   -1.0    0.030    0.394    0.0428   0.393    0.037    0.109    5.865E+00   -1.297E-01                             -7.650E-02
    0.0    0.034    0.507    0.0423   0.507    0.034    0.083    5.995E+00   -2.454E-01                             -8.338E-02
    2.0    0.047    0.741    0.0294   0.742    0.021    0.040    6.171E+00   -4.012E-01                             -9.749E-02
    4.0    0.066    0.982    0.0084   0.984   -0.003    0.009    6.274E+00   -5.048E-01                             -1.119E-01
    6.0    0.091    1.224   -0.0143   1.227   -0.037   -0.012    5.898E+00   -6.662E-01                             -1.265E-01
    8.0    0.118    1.429   -0.0380   1.432   -0.083   -0.027    5.010E+00   -9.060E-01                             -1.389E-01
   10.0    0.142    1.590   -0.0622   1.591   -0.136   -0.039    4.089E+00   -1.179E+00                             -1.486E-01
   12.0    0.163    1.709   -0.0917   1.705   -0.196   -0.054    3.105E+00   -1.459E+00                             -1.558E-01
   14.0    0.177    1.777    0.0770   1.767   -0.259    0.044    3.061E-01      NA                                  -1.601E-01
   16.0    0.161    1.677    0.0587   1.657   -0.308    0.035   -4.221E+00      NA                                  -1.524E-01
0                                    ALPHA     Q/QINF    EPSLON  D(EPSLON)/D(ALPHA)
0
                                     -4.0      0.894      1.003        0.538
                                     -2.0      0.939      2.079        0.541
                                     -1.0      0.973      2.622        0.544
                                      0.0      0.996      3.166        0.545
                                      2.0      1.000      4.258        0.545
                                      4.0      1.000      5.346        0.536
                                      6.0      1.000      6.401        0.502
                                      8.0      1.000      7.353        0.433
                                     10.0      1.000      8.134        0.343
                                     12.0      1.000      8.724        0.244
                                     14.0      1.000      9.109        0.079
                                     16.0      1.000      9.040       -0.034
0*** NA PRINTED WHEN METHOD NOT APPLICABLE
0*** VEHICLE WEIGHT =   1220.00 LB.
0*** LEVEL FLIGHT LIFT COEFFICIENT = 0.27161
1          THE FOLLOWING IS A LIST OF ALL INPUT CARDS FOR THIS CASE.
0
  $PROPWR AIETLP=-5.0,NENGSP=1.0,THSTCP=0.175,                                   
   PHALOC=-4.50,PHVLOC=0.0,PRPRAD=3.0,                                           
   ENGFCT=70.0,NOPBPE=2.0,BAPR75=15.0,YP=0.0,CROT=.FALSE.$                       
 CASEID Prop effect Ct 0.175                                                     
 SAVE                                                                            
 NEXT CASE                                                                       
0 INPUT DIMENSIONS ARE IN FT, SCALE FACTOR IS 1.0000

1                             AUTOMATED STABILITY AND CONTROL METHODS PER APRIL 1976 VERSION OF DATCOM   
                                                        USER DEFINED WING SECTION
     UPPER ABSCISSA     UPPER ORDINATE     LOWER ABSCISSA     LOWER ORDINATE      X-FRACTION CHORD    MEAN LINE    THICKNESS
         0.00000            0.00000           0.00000           0.00000              0.00000           0.00000       0.00000
         0.00085            0.00620           0.00115          -0.00620              0.00100           0.00000       0.01240
         0.00157            0.00869           0.00243          -0.00859              0.00200           0.00005       0.01730
         0.00232            0.01058           0.00368          -0.01038              0.00300           0.00010       0.02100
         0.00764            0.02305           0.01736          -0.01895              0.01250           0.00205       0.04310
         0.01785            0.03306           0.03235          -0.02226              0.02510           0.00540       0.05720
         0.04116            0.04835           0.05884          -0.02485              0.05000           0.01175       0.07530
         0.06591            0.06055           0.08409          -0.02565              0.07500           0.01745       0.08810
         0.09156            0.07036           0.10844          -0.02576              0.10000           0.02230       0.09760
         0.14324            0.08378           0.15676          -0.02528              0.15000           0.02925       0.10990
         0.19461            0.09285           0.20539          -0.02345              0.20000           0.03470       0.11680
         0.29760            0.10105           0.30240          -0.01965              0.30000           0.04070       0.12080
         0.40006            0.10060           0.39994          -0.01530              0.40000           0.04265       0.11590
         0.50177            0.09217           0.49823          -0.01117              0.50000           0.04050       0.10340
         0.60232            0.07944           0.59768          -0.00784              0.60000           0.03580       0.08740
         0.70243            0.06452           0.69757          -0.00482              0.70000           0.02985       0.06950
         0.80216            0.04610           0.79784          -0.00250              0.80000           0.02180       0.04880
         0.90132            0.02513           0.89867          -0.00093              0.90000           0.01210       0.02620
         0.95086            0.01405           0.94914          -0.00025              0.95000           0.00690       0.01440
         1.00000            0.00000           1.00000           0.00000              1.00000           0.00000       0.00000
1                             AUTOMATED STABILITY AND CONTROL METHODS PER APRIL 1976 VERSION OF DATCOM   
                                                        WING SECTION DEFINITION
0                                 IDEAL ANGLE OF ATTACK =   0.37733 DEG.

                              ZERO LIFT ANGLE OF ATTACK =  -3.95208 DEG.

                                 IDEAL LIFT COEFFICIENT =   0.52405

                  ZERO LIFT PITCHING MOMENT COEFFICIENT =  -0.10525

                             MACH ZERO LIFT-CURVE-SLOPE =   0.09839 /DEG.

                                    LEADING EDGE RADIUS =   0.01980 FRACTION CHORD

                              MAXIMUM AIRFOIL THICKNESS =   0.12080 FRACTION CHORD

                                                DELTA-Y =   3.27850 PERCENT CHORD


0                         MACH= 0.1303 LIFT-CURVE-SLOPE =   0.10787 /DEG.      XAC =   0.25260
1                             AUTOMATED STABILITY AND CONTROL METHODS PER APRIL 1976 VERSION OF DATCOM   
                                                   HORIZONTAL TAIL SECTION DEFINITION
0                                 IDEAL ANGLE OF ATTACK =   0.00000 DEG.

                              ZERO LIFT ANGLE OF ATTACK =   0.00000 DEG.

                                 IDEAL LIFT COEFFICIENT =   0.00000

                  ZERO LIFT PITCHING MOMENT COEFFICIENT =   0.00000

                             MACH ZERO LIFT-CURVE-SLOPE =   0.10147 /DEG.

                                    LEADING EDGE RADIUS =   0.00044 FRACTION CHORD

                              MAXIMUM AIRFOIL THICKNESS =   0.02000 FRACTION CHORD

                                                DELTA-Y =   0.52816 PERCENT CHORD


0                         MACH= 0.1303 LIFT-CURVE-SLOPE =   0.10640 /DEG.      XAC =   0.25453
1                             AUTOMATED STABILITY AND CONTROL METHODS PER APRIL 1976 VERSION OF DATCOM   
                                                    VERTICAL TAIL SECTION DEFINITION
0                                 IDEAL ANGLE OF ATTACK =   0.00000 DEG.

                              ZERO LIFT ANGLE OF ATTACK =   0.00000 DEG.

                                 IDEAL LIFT COEFFICIENT =   0.00000

                  ZERO LIFT PITCHING MOMENT COEFFICIENT =   0.00000

                             MACH ZERO LIFT-CURVE-SLOPE =   0.10147 /DEG.

                                    LEADING EDGE RADIUS =   0.00044 FRACTION CHORD

                              MAXIMUM AIRFOIL THICKNESS =   0.02000 FRACTION CHORD

                                                DELTA-Y =   0.52816 PERCENT CHORD


0                         MACH= 0.1303 LIFT-CURVE-SLOPE =   0.10724 /DEG.      XAC =   0.25450
1                               AUTOMATED STABILITY AND CONTROL METHODS PER APRIL 1976 VERSION OF DATCOM
                                         CHARACTERISTICS AT ANGLE OF ATTACK AND IN SIDESLIP
                                        WING-BODY-VERTICAL TAIL-HORIZONTAL TAIL CONFIGURATION
                               PROPELLER POWER EFFECTS INCLUDED IN THE LONGITUDINAL STABILITY RESULTS
                                                       Prop effect Ct 0.175
 
 -----------------------  FLIGHT CONDITIONS  ------------------------           --------------  REFERENCE DIMENSIONS  ------------
  MACH    ALTITUDE   VELOCITY    PRESSURE    TEMPERATURE     REYNOLDS             REF.      REFERENCE LENGTH   MOMENT REF. CENTER
 NUMBER                                                       NUMBER              AREA       LONG.     LAT.     HORIZ      VERT
             FT       FT/SEC     LB/FT**2       DEG R         1/FT               FT**2        FT        FT        FT        FT
0 0.130       0.00     145.49   2.1162E+03     518.670     9.2122E+05           178.500      5.250    35.208     1.570     0.000
0                                                               -------------------DERIVATIVE (PER RADIAN)-------------------
0 ALPHA     CD       CL       CM       CN       CA       XCP        CLA          CMA          CYB          CNB          CLB
0
   -4.0    0.028    0.072    0.0265   0.070    0.033    0.377    5.614E+00   -9.689E-03   -3.719E-01    1.162E-02   -5.661E-02
   -2.0    0.029    0.283    0.0416   0.282    0.038    0.147    5.747E+00   -5.379E-02                             -6.975E-02
   -1.0    0.031    0.392    0.0471   0.392    0.038    0.120    5.865E+00   -1.297E-01                             -7.650E-02
    0.0    0.035    0.506    0.0468   0.506    0.035    0.093    5.995E+00   -2.454E-01                             -8.338E-02
    2.0    0.048    0.743    0.0345   0.744    0.022    0.046    6.171E+00   -4.012E-01                             -9.749E-02
    4.0    0.068    0.986    0.0139   0.988   -0.001    0.014    6.274E+00   -5.048E-01                             -1.119E-01
    6.0    0.094    1.231   -0.0098   1.234   -0.035   -0.008    5.898E+00   -6.662E-01                             -1.265E-01
    8.0    0.121    1.438   -0.0345   1.441   -0.080   -0.024    5.010E+00   -9.060E-01                             -1.389E-01
   10.0    0.147    1.602   -0.0595   1.603   -0.133   -0.037    4.089E+00   -1.179E+00                             -1.486E-01
   12.0    0.169    1.722   -0.0879   1.719   -0.192   -0.051    3.105E+00   -1.459E+00                             -1.558E-01
   14.0    0.185    1.792    0.0854   1.783   -0.254    0.048    3.061E-01      NA                                  -1.601E-01
   16.0    0.171    1.692    0.0792   1.674   -0.302    0.047   -4.221E+00      NA                                  -1.524E-01
0                                    ALPHA     Q/QINF    EPSLON  D(EPSLON)/D(ALPHA)
0
                                     -4.0      0.894      1.003        0.538
                                     -2.0      0.939      2.079        0.541
                                     -1.0      0.973      2.622        0.544
                                      0.0      0.996      3.166        0.545
                                      2.0      1.000      4.258        0.545
                                      4.0      1.000      5.346        0.536
                                      6.0      1.000      6.401        0.502
                                      8.0      1.000      7.353        0.433
                                     10.0      1.000      8.134        0.343
                                     12.0      1.000      8.724        0.244
                                     14.0      1.000      9.109        0.079
                                     16.0      1.000      9.040       -0.034
0*** NA PRINTED WHEN METHOD NOT APPLICABLE
0*** VEHICLE WEIGHT =   1220.00 LB.
0*** LEVEL FLIGHT LIFT COEFFICIENT = 0.27161
1          THE FOLLOWING IS A LIST OF ALL INPUT CARDS FOR THIS CASE.
0
  $PROPWR AIETLP=-5.0,NENGSP=1.0,THSTCP=0.200,                                   
   PHALOC=-4.50,PHVLOC=0.0,PRPRAD=3.0,                                           
   ENGFCT=70.0,NOPBPE=2.0,BAPR75=15.0,YP=0.0,CROT=.FALSE.$                       
 CASEID Prop effect Ct 0.200                                                     
 NEXT CASE                                                                       
0 INPUT DIMENSIONS ARE IN FT, SCALE FACTOR IS 1.0000

1                             AUTOMATED STABILITY AND CONTROL METHODS PER APRIL 1976 VERSION OF DATCOM   
                                                        USER DEFINED WING SECTION
     UPPER ABSCISSA     UPPER ORDINATE     LOWER ABSCISSA     LOWER ORDINATE      X-FRACTION CHORD    MEAN LINE    THICKNESS
         0.00000            0.00000           0.00000           0.00000              0.00000           0.00000       0.00000
         0.00085            0.00620           0.00115          -0.00620              0.00100           0.00000       0.01240
         0.00157            0.00869           0.00243          -0.00859              0.00200           0.00005       0.01730
         0.00232            0.01058           0.00368          -0.01038              0.00300           0.00010       0.02100
         0.00764            0.02305           0.01736          -0.01895              0.01250           0.00205       0.04310
         0.01785            0.03306           0.03235          -0.02226              0.02510           0.00540       0.05720
         0.04116            0.04835           0.05884          -0.02485              0.05000           0.01175       0.07530
         0.06591            0.06055           0.08409          -0.02565              0.07500           0.01745       0.08810
         0.09156            0.07036           0.10844          -0.02576              0.10000           0.02230       0.09760
         0.14324            0.08378           0.15676          -0.02528              0.15000           0.02925       0.10990
         0.19461            0.09285           0.20539          -0.02345              0.20000           0.03470       0.11680
         0.29760            0.10105           0.30240          -0.01965              0.30000           0.04070       0.12080
         0.40006            0.10060           0.39994          -0.01530              0.40000           0.04265       0.11590
         0.50177            0.09217           0.49823          -0.01117              0.50000           0.04050       0.10340
         0.60232            0.07944           0.59768          -0.00784              0.60000           0.03580       0.08740
         0.70243            0.06452           0.69757          -0.00482              0.70000           0.02985       0.06950
         0.80216            0.04610           0.79784          -0.00250              0.80000           0.02180       0.04880
         0.90132            0.02513           0.89867          -0.00093              0.90000           0.01210       0.02620
         0.95086            0.01405           0.94914          -0.00025              0.95000           0.00690       0.01440
         1.00000            0.00000           1.00000           0.00000              1.00000           0.00000       0.00000
1                             AUTOMATED STABILITY AND CONTROL METHODS PER APRIL 1976 VERSION OF DATCOM   
                                                        WING SECTION DEFINITION
0                                 IDEAL ANGLE OF ATTACK =   0.37733 DEG.

                              ZERO LIFT ANGLE OF ATTACK =  -3.95208 DEG.

                                 IDEAL LIFT COEFFICIENT =   0.52405

                  ZERO LIFT PITCHING MOMENT COEFFICIENT =  -0.10525

                             MACH ZERO LIFT-CURVE-SLOPE =   0.09839 /DEG.

                                    LEADING EDGE RADIUS =   0.01980 FRACTION CHORD

                              MAXIMUM AIRFOIL THICKNESS =   0.12080 FRACTION CHORD

                                                DELTA-Y =   3.27850 PERCENT CHORD


0                         MACH= 0.1303 LIFT-CURVE-SLOPE =   0.10787 /DEG.      XAC =   0.25260
1                             AUTOMATED STABILITY AND CONTROL METHODS PER APRIL 1976 VERSION OF DATCOM   
                                                   HORIZONTAL TAIL SECTION DEFINITION
0                                 IDEAL ANGLE OF ATTACK =   0.00000 DEG.

                              ZERO LIFT ANGLE OF ATTACK =   0.00000 DEG.

                                 IDEAL LIFT COEFFICIENT =   0.00000

                  ZERO LIFT PITCHING MOMENT COEFFICIENT =   0.00000

                             MACH ZERO LIFT-CURVE-SLOPE =   0.10147 /DEG.

                                    LEADING EDGE RADIUS =   0.00044 FRACTION CHORD

                              MAXIMUM AIRFOIL THICKNESS =   0.02000 FRACTION CHORD

                                                DELTA-Y =   0.52816 PERCENT CHORD


0                         MACH= 0.1303 LIFT-CURVE-SLOPE =   0.10640 /DEG.      XAC =   0.25453
1                             AUTOMATED STABILITY AND CONTROL METHODS PER APRIL 1976 VERSION OF DATCOM   
                                                    VERTICAL TAIL SECTION DEFINITION
0                                 IDEAL ANGLE OF ATTACK =   0.00000 DEG.

                              ZERO LIFT ANGLE OF ATTACK =   0.00000 DEG.

                                 IDEAL LIFT COEFFICIENT =   0.00000

                  ZERO LIFT PITCHING MOMENT COEFFICIENT =   0.00000

                             MACH ZERO LIFT-CURVE-SLOPE =   0.10147 /DEG.

                                    LEADING EDGE RADIUS =   0.00044 FRACTION CHORD

                              MAXIMUM AIRFOIL THICKNESS =   0.02000 FRACTION CHORD

                                                DELTA-Y =   0.52816 PERCENT CHORD


0                         MACH= 0.1303 LIFT-CURVE-SLOPE =   0.10724 /DEG.      XAC =   0.25450
1                               AUTOMATED STABILITY AND CONTROL METHODS PER APRIL 1976 VERSION OF DATCOM
                                         CHARACTERISTICS AT ANGLE OF ATTACK AND IN SIDESLIP
                                        WING-BODY-VERTICAL TAIL-HORIZONTAL TAIL CONFIGURATION
                               PROPELLER POWER EFFECTS INCLUDED IN THE LONGITUDINAL STABILITY RESULTS
                                                       Prop effect Ct 0.200
 
 -----------------------  FLIGHT CONDITIONS  ------------------------           --------------  REFERENCE DIMENSIONS  ------------
  MACH    ALTITUDE   VELOCITY    PRESSURE    TEMPERATURE     REYNOLDS             REF.      REFERENCE LENGTH   MOMENT REF. CENTER
 NUMBER                                                       NUMBER              AREA       LONG.     LAT.     HORIZ      VERT
             FT       FT/SEC     LB/FT**2       DEG R         1/FT               FT**2        FT        FT        FT        FT
0 0.130       0.00     145.49   2.1162E+03     518.670     9.2122E+05           178.500      5.250    35.208     1.570     0.000
0                                                               -------------------DERIVATIVE (PER RADIAN)-------------------
0 ALPHA     CD       CL       CM       CN       CA       XCP        CLA          CMA          CYB          CNB          CLB
0
   -4.0    0.030    0.068    0.0294   0.066    0.035    0.446    5.614E+00   -9.689E-03   -3.719E-01    1.162E-02   -5.661E-02
   -2.0    0.030    0.281    0.0445   0.280    0.040    0.159    5.747E+00   -5.379E-02                             -6.975E-02
   -1.0    0.033    0.391    0.0503   0.390    0.039    0.129    5.865E+00   -1.297E-01                             -7.650E-02
    0.0    0.037    0.505    0.0504   0.505    0.037    0.100    5.995E+00   -2.454E-01                             -8.338E-02
    2.0    0.050    0.744    0.0389   0.745    0.024    0.052    6.171E+00   -4.012E-01                             -9.749E-02
    4.0    0.070    0.989    0.0184   0.992    0.001    0.019    6.274E+00   -5.048E-01                             -1.119E-01
    6.0    0.097    1.237   -0.0057   1.240   -0.033   -0.005    5.898E+00   -6.662E-01                             -1.265E-01
    8.0    0.125    1.447   -0.0308   1.450   -0.077   -0.021    5.010E+00   -9.060E-01                             -1.389E-01
   10.0    0.153    1.612   -0.0570   1.614   -0.130   -0.035    4.089E+00   -1.179E+00                             -1.486E-01
   12.0    0.177    1.735   -0.0850   1.733   -0.188   -0.049    3.105E+00   -1.459E+00                             -1.558E-01
   14.0    0.194    1.806    0.0917   1.800   -0.249    0.051    3.061E-01      NA                                  -1.601E-01
   16.0    0.182    1.707    0.0959   1.691   -0.295    0.057   -4.221E+00      NA                                  -1.524E-01
0                                    ALPHA     Q/QINF    EPSLON  D(EPSLON)/D(ALPHA)
0
                                     -4.0      0.894      1.003        0.538
                                     -2.0      0.939      2.079        0.541
                                     -1.0      0.973      2.622        0.544
                                      0.0      0.996      3.166        0.545
                                      2.0      1.000      4.258        0.545
                                      4.0      1.000      5.346        0.536
                                      6.0      1.000      6.401        0.502
                                      8.0      1.000      7.353        0.433
                                     10.0      1.000      8.134        0.343
                                     12.0      1.000      8.724        0.244
                                     14.0      1.000      9.109        0.079
                                     16.0      1.000      9.040       -0.034
0*** NA PRINTED WHEN METHOD NOT APPLICABLE
0*** VEHICLE WEIGHT =   1220.00 LB.
0*** LEVEL FLIGHT LIFT COEFFICIENT = 0.27161
1          THE FOLLOWING IS A LIST OF ALL INPUT CARDS FOR THIS CASE.
0
1 END OF JOB.
